2020-11-10 15:23:58 +0000  Initial pipeline context: <IDEDistributionProcessingPipelineContext: 0x7fcc08328ac0; archive(resolved)='<IDEArchive: 0x7fcc05854b60>', distributionTask(resolved)='2', distributionDestination(resolved)='1', distributionMethod(resolved)='<IDEDistributionMethodDevelopmentSigned: 0x7fcc012bfc90>', team(resolved)='<IDEProvisioningDisambiguatableBasicTeam: 0x7fcc11b1c970; teamID='23D9P95352', teamName='KRISHNADAS PISHARAM', teamType='Individual', username='sicsapp@srishtis.com', isFreeProvisioningTeam='0'>'>
	Chain (13, self inclusive):
	<IDEDistributionProcessingPipelineContext: 0x7fcc08328ac0; archive = '<IDEArchive: 0x7fcc05854b60>', distributionMethod='<IDEDistributionMethodDevelopmentSigned: 0x7fcc012bfc90>', team='<IDEProvisioningDisambiguatableBasicTeam: 0x7fcc11b1c970; teamID='23D9P95352', teamName='KRISHNADAS PISHARAM', teamType='Individual', username='sicsapp@srishtis.com', isFreeProvisioningTeam='0'>'>
	<IDEDistributionProcessingPipelineContext: 0x7fcc02afaeb0; archive = '<IDEArchive: 0x7fcc05854b60>', distributionMethod='<IDEDistributionMethodDevelopmentSigned: 0x7fcc012bfc90>', team='<IDEProvisioningDisambiguatableBasicTeam: 0x7fcc11b1c970; teamID='23D9P95352', teamName='KRISHNADAS PISHARAM', teamType='Individual', username='sicsapp@srishtis.com', isFreeProvisioningTeam='0'>'>
	<IDEDistributionContext: 0x7fcc011435f0; archive = '<IDEArchive: 0x7fcc05854b60>', distributionMethod='<IDEDistributionMethodDevelopmentSigned: 0x7fcc012bfc90>', team='<IDEProvisioningDisambiguatableBasicTeam: 0x7fcc11b1c970; teamID='23D9P95352', teamName='KRISHNADAS PISHARAM', teamType='Individual', username='sicsapp@srishtis.com', isFreeProvisioningTeam='0'>'>
	<IDEDistributionContext: 0x7fcc072a5420; archive = '<IDEArchive: 0x7fcc05854b60>', distributionMethod='<IDEDistributionMethodDevelopmentSigned: 0x7fcc012bfc90>', team='<IDEProvisioningDisambiguatableBasicTeam: 0x7fcc11b1c970; teamID='23D9P95352', teamName='KRISHNADAS PISHARAM', teamType='Individual', username='sicsapp@srishtis.com', isFreeProvisioningTeam='0'>'>
	<IDEDistributionContext: 0x7fcc08402910; archive = '<IDEArchive: 0x7fcc05854b60>', distributionMethod='<IDEDistributionMethodDevelopmentSigned: 0x7fcc012bfc90>', team='<IDEProvisioningDisambiguatableBasicTeam: 0x7fcc11b1c970; teamID='23D9P95352', teamName='KRISHNADAS PISHARAM', teamType='Individual', username='sicsapp@srishtis.com', isFreeProvisioningTeam='0'>'>
	<IDEDistributionContext: 0x7fcc058704a0; archive = '<IDEArchive: 0x7fcc05854b60>', distributionMethod='<IDEDistributionMethodDevelopmentSigned: 0x7fcc012bfc90>', team='<IDEProvisioningDisambiguatableBasicTeam: 0x7fcc11b1c970; teamID='23D9P95352', teamName='KRISHNADAS PISHARAM', teamType='Individual', username='sicsapp@srishtis.com', isFreeProvisioningTeam='0'>'>
	<IDEDistributionContext: 0x7fcc0835a500; archive = '<IDEArchive: 0x7fcc05854b60>', distributionMethod='<IDEDistributionMethodDevelopmentSigned: 0x7fcc012bfc90>', team='<IDEProvisioningDisambiguatableBasicTeam: 0x7fcc11b1c970; teamID='23D9P95352', teamName='KRISHNADAS PISHARAM', teamType='Individual', username='sicsapp@srishtis.com', isFreeProvisioningTeam='0'>'>
	<IDEDistributionContext: 0x7fcc08359e90; archive = '<IDEArchive: 0x7fcc05854b60>', distributionMethod='<IDEDistributionMethodDevelopmentSigned: 0x7fcc012bfc90>', team='<IDEProvisioningDisambiguatableBasicTeam: 0x7fcc11b1c970; teamID='23D9P95352', teamName='KRISHNADAS PISHARAM', teamType='Individual', username='sicsapp@srishtis.com', isFreeProvisioningTeam='0'>'>
	<IDEDistributionContext: 0x7fcc06bad890; archive = '<IDEArchive: 0x7fcc05854b60>', distributionMethod='<IDEDistributionMethodDevelopmentSigned: 0x7fcc012bfc90>', team='<IDEProvisioningDisambiguatableBasicTeam: 0x7fcc11b1c970; teamID='23D9P95352', teamName='KRISHNADAS PISHARAM', teamType='Individual', username='sicsapp@srishtis.com', isFreeProvisioningTeam='0'>'>
	<IDEDistributionContext: 0x7fcc0774fc30; archive = '<IDEArchive: 0x7fcc05854b60>', distributionMethod='<IDEDistributionMethodDevelopmentSigned: 0x7fcc012bfc90>', team='(null)'>
	<IDEDistributionContext: 0x7fcc026f4680; archive = '<IDEArchive: 0x7fcc05854b60>', distributionMethod='<IDEDistributionMethodDevelopmentSigned: 0x7fcc012bfc90>', team='(null)'>
	<IDEDistributionContext: 0x7fcc07373390; archive = '<IDEArchive: 0x7fcc05854b60>', distributionMethod='<IDEDistributionMethodDevelopmentSigned: 0x7fcc012bfc90>', team='(null)'>
	<IDEDistributionContext: 0x7fcc076c8400; archive = '<IDEArchive: 0x7fcc05854b60>', distributionMethod='(null)', team='(null)'>
</IDEDistributionProcessingPipelineContext: 0x7fcc08328ac0>
2020-11-10 15:23:58 +0000  Processing step: IDEDistributionCreateDestRootStep
2020-11-10 15:23:58 +0000  Processing step: IDEDistributionCopyItemStep
2020-11-10 15:23:58 +0000  Running /usr/bin/ditto '-V' '/Users/srishti/Library/Developer/Xcode/Archives/2020-11-10/KazemaGlobal 10-11-20, 8.50 PM.xcarchive/Products/Applications/KazemaGlobal.app' '/var/folders/zj/l4fywtps03g3shq5xk7p3h080000gn/T/XcodeDistPipeline.~~~AS1fbI/Root/Payload/KazemaGlobal.app'
2020-11-10 15:23:58 +0000  >>> Copying /Users/srishti/Library/Developer/Xcode/Archives/2020-11-10/KazemaGlobal 10-11-20, 8.50 PM.xcarchive/Products/Applications/KazemaGlobal.app 
2020-11-10 15:23:58 +0000  copying file ./_CodeSignature/CodeResources ... 
2020-11-10 15:23:58 +0000  13865 bytes for ./_CodeSignature/CodeResources
2020-11-10 15:23:58 +0000  copying file ./Poppins-ExtraLight.ttf ... 
2020-11-10 15:23:58 +0000  161404 bytes for ./Poppins-ExtraLight.ttf
copying file ./Poppins-ThinItalic.ttf ... 
186992 bytes for ./Poppins-ThinItalic.ttf
copying file ./KazemaGlobal ... 
2020-11-10 15:23:58 +0000  930192 bytes for ./KazemaGlobal
2020-11-10 15:23:58 +0000  copying file ./Poppins-ExtraLightItalic.ttf ... 
186124 bytes for ./Poppins-ExtraLightItalic.ttf
copying file ./Poppins-BoldItalic.ttf ... 
176552 bytes for ./Poppins-BoldItalic.ttf
copying file ./Poppins-Light.ttf ... 
159848 bytes for ./Poppins-Light.ttf
copying file ./Poppins-Medium.ttf ... 
156480 bytes for ./Poppins-Medium.ttf
copying file ./AppIcon60x60@2x.png ... 
12864 bytes for ./AppIcon60x60@2x.png
copying file ./Poppins-SemiBoldItalic.ttf ... 
178548 bytes for ./Poppins-SemiBoldItalic.ttf
copying file ./Base.lproj/Main.storyboardc/KGHomePageTableViewController.nib ... 
2020-11-10 15:23:58 +0000  1146 bytes for ./Base.lproj/Main.storyboardc/KGHomePageTableViewController.nib
copying file ./Base.lproj/Main.storyboardc/KGSideMenuTableViewController.nib ... 
1098 bytes for ./Base.lproj/Main.storyboardc/KGSideMenuTableViewController.nib
copying file ./Base.lproj/Main.storyboardc/KGKazemaMaintenanceServiceViewController.nib ... 
1067 bytes for ./Base.lproj/Main.storyboardc/KGKazemaMaintenanceServiceViewController.nib
copying file ./Base.lproj/Main.storyboardc/Xi0-FZ-lzg-view-12r-Yi-iQY.nib ... 
7803 bytes for ./Base.lproj/Main.storyboardc/Xi0-FZ-lzg-view-12r-Yi-iQY.nib
copying file ./Base.lproj/Main.storyboardc/KGHomeNavigationViewController.nib ... 
2137 bytes for ./Base.lproj/Main.storyboardc/KGHomeNavigationViewController.nib
copying file ./Base.lproj/Main.storyboardc/kHF-X2-PVE-view-L6r-YP-cE6.nib ... 
10358 bytes for ./Base.lproj/Main.storyboardc/kHF-X2-PVE-view-L6r-YP-cE6.nib
copying file ./Base.lproj/Main.storyboardc/KGCleaningServiceViewController.nib ... 
1049 bytes for ./Base.lproj/Main.storyboardc/KGCleaningServiceViewController.nib
copying file ./Base.lproj/Main.storyboardc/KGNotificationViewController.nib ... 
1091 bytes for ./Base.lproj/Main.storyboardc/KGNotificationViewController.nib
copying file ./Base.lproj/Main.storyboardc/amu-Ws-Jus-view-pIo-NE-1LT.nib ... 
9798 bytes for ./Base.lproj/Main.storyboardc/amu-Ws-Jus-view-pIo-NE-1LT.nib
copying file ./Base.lproj/Main.storyboardc/KGUpgradeProfileViewController.nib ... 
2020-11-10 15:23:58 +0000  1095 bytes for ./Base.lproj/Main.storyboardc/KGUpgradeProfileViewController.nib
copying file ./Base.lproj/Main.storyboardc/smu-RA-QM2-view-SYg-AM-ddR.nib ... 
22252 bytes for ./Base.lproj/Main.storyboardc/smu-RA-QM2-view-SYg-AM-ddR.nib
copying file ./Base.lproj/Main.storyboardc/0Z2-1K-0s5-view-g51-9I-ZS6.nib ... 
6837 bytes for ./Base.lproj/Main.storyboardc/0Z2-1K-0s5-view-g51-9I-ZS6.nib
copying file ./Base.lproj/Main.storyboardc/cyC-E0-YLe-view-BdY-nT-GeZ.nib ... 
2020-11-10 15:23:58 +0000  13740 bytes for ./Base.lproj/Main.storyboardc/cyC-E0-YLe-view-BdY-nT-GeZ.nib
copying file ./Base.lproj/Main.storyboardc/Info.plist ... 
2020-11-10 15:23:58 +0000  687 bytes for ./Base.lproj/Main.storyboardc/Info.plist
2020-11-10 15:23:58 +0000  copying file ./Base.lproj/LaunchScreen.storyboardc/01J-lp-oVM-view-Ze5-6b-2t3.nib ... 
2020-11-10 15:23:58 +0000  2426 bytes for ./Base.lproj/LaunchScreen.storyboardc/01J-lp-oVM-view-Ze5-6b-2t3.nib
copying file ./Base.lproj/LaunchScreen.storyboardc/UIViewController-01J-lp-oVM.nib ... 
2020-11-10 15:23:58 +0000  896 bytes for ./Base.lproj/LaunchScreen.storyboardc/UIViewController-01J-lp-oVM.nib
copying file ./Base.lproj/LaunchScreen.storyboardc/Info.plist ... 
2020-11-10 15:23:58 +0000  258 bytes for ./Base.lproj/LaunchScreen.storyboardc/Info.plist
2020-11-10 15:23:58 +0000  copying file ./Poppins-ExtraBoldItalic.ttf ... 
2020-11-10 15:23:58 +0000  173868 bytes for ./Poppins-ExtraBoldItalic.ttf
copying file ./Poppins-ExtraBold.ttf ... 
152712 bytes for ./Poppins-ExtraBold.ttf
copying file ./Assets.car ... 
2020-11-10 15:23:58 +0000  3977695 bytes for ./Assets.car
copying file ./AppIcon76x76@2x~ipad.png ... 
2020-11-10 15:23:58 +0000  /usr/bin/ditto exited with 0
2020-11-10 15:23:59 +0000  18624 bytes for ./AppIcon76x76@2x~ipad.png
copying file ./Poppins-BlackItalic.ttf ... 
171544 bytes for ./Poppins-BlackItalic.ttf
copying file ./OFL.txt ... 
4478 bytes for ./OFL.txt
copying file ./KazemaGlobal.momd/VersionInfo.plist ... 
161 bytes for ./KazemaGlobal.momd/VersionInfo.plist
copying file ./KazemaGlobal.momd/KazemaGlobal.mom ... 
513 bytes for ./KazemaGlobal.momd/KazemaGlobal.mom
copying file ./KazemaGlobal.momd/KazemaGlobal.omo ... 
704 bytes for ./KazemaGlobal.momd/KazemaGlobal.omo
copying file ./Poppins-Regular.ttf ... 
158192 bytes for ./Poppins-Regular.ttf
copying file ./Poppins-LightItalic.ttf ... 
184420 bytes for ./Poppins-LightItalic.ttf
copying file ./Poppins-Bold.ttf ... 
153900 bytes for ./Poppins-Bold.ttf
copying file ./Frameworks/MFSideMenu.framework/_CodeSignature/CodeResources ... 
1798 bytes for ./Frameworks/MFSideMenu.framework/_CodeSignature/CodeResources
copying file ./Frameworks/MFSideMenu.framework/MFSideMenu ... 
400048 bytes for ./Frameworks/MFSideMenu.framework/MFSideMenu
copying file ./Frameworks/MFSideMenu.framework/Info.plist ... 
744 bytes for ./Frameworks/MFSideMenu.framework/Info.plist
copying file ./Poppins-Black.ttf ... 
151340 bytes for ./Poppins-Black.ttf
copying file ./embedded.mobileprovision ... 
13342 bytes for ./embedded.mobileprovision
copying file ./Poppins-Thin.ttf ... 
161600 bytes for ./Poppins-Thin.ttf
copying file ./Poppins-SemiBold.ttf ... 
155192 bytes for ./Poppins-SemiBold.ttf
copying file ./Poppins-Italic.ttf ... 
181972 bytes for ./Poppins-Italic.ttf
copying file ./Info.plist ... 
2112 bytes for ./Info.plist
copying file ./PkgInfo ... 
8 bytes for ./PkgInfo
copying file ./Poppins-MediumItalic.ttf ... 
180412 bytes for ./Poppins-MediumItalic.ttf
2020-11-10 15:23:59 +0000  Processing step: IDEDistributionEmbedProfileStep
2020-11-10 15:23:59 +0000  Skipping profile for item: <IDEDistributionItem: 0x7fcc08cb02e0; bundleID='org.cocoapods.MFSideMenu', path='<DVTFilePath:0x7fcc08c3e980:'/Users/srishti/Library/Developer/Xcode/Archives/2020-11-10/KazemaGlobal 10-11-20, 8.50 PM.xcarchive/Products/Applications/KazemaGlobal.app/Frameworks/MFSideMenu.framework'>', codeSigningInfo='<_DVTCodeSigningInformation_Path: 0x7fcc077b5fd0; isSigned='1', isAdHocSigned='0', signingCertificate='<DVTSigningCertificate: 0x7fcc0866c740; name='Apple Development: Krishnadas Trikkovil Pisharam (XV87HB5W82)', hash='7C1B59F2B8D7798D9C151C33AE1D754E2474D79E', serialNumber='615358B3FE9A8006', certificateKinds='(
    "1.2.840.113635.100.6.1.12",
    "1.2.840.113635.100.6.1.2"
), issueDate='2020-10-22 10:52:05 +0000''>', entitlements='(null)', teamID='23D9P95352', identifier='org.cocoapods.MFSideMenu', executablePath='<DVTFilePath:0x7fcc08cc7af0:'/Users/srishti/Library/Developer/Xcode/Archives/2020-11-10/KazemaGlobal 10-11-20, 8.50 PM.xcarchive/Products/Applications/KazemaGlobal.app/Frameworks/MFSideMenu.framework/MFSideMenu'>', hardenedRuntime='0'>'>
2020-11-10 15:23:59 +0000  Processing step: IDEDistributionAppThinningPlistStep
2020-11-10 15:23:59 +0000  Skipping step: IDEDistributionAppThinningPlistStep because it said so
2020-11-10 15:23:59 +0000  Processing step: IDEDistributionCompileBitcodeStep
2020-11-10 15:23:59 +0000  Skipping step: IDEDistributionCompileBitcodeStep because it said so
2020-11-10 15:23:59 +0000  Processing step: IDEDistributionCodeSlimmingStep
2020-11-10 15:23:59 +0000  Processing step: IDEDistributionCopyBCSymbolMapsStep
2020-11-10 15:23:59 +0000  Skipping step: IDEDistributionCopyBCSymbolMapsStep because it said so
2020-11-10 15:23:59 +0000  Skipping step: IDEDistributionCopyBCSymbolMapsStep because it said so
2020-11-10 15:23:59 +0000  Processing step: IDEDistributionSymbolsStep
2020-11-10 15:23:59 +0000  Skipping step: IDEDistributionSymbolsStep because it said so
2020-11-10 15:23:59 +0000  Skipping step: IDEDistributionSymbolsStep because it said so
2020-11-10 15:23:59 +0000  Processing step: IDEDistributionAppThinningStep
2020-11-10 15:23:59 +0000  Skipping step: IDEDistributionAppThinningStep because it said so
2020-11-10 15:23:59 +0000  Processing step: IDEDistributionArchThinningStep
2020-11-10 15:23:59 +0000  Running /Applications/Xcode.app/Contents/Developer/Toolchains/XcodeDefault.xctoolchain/usr/bin/lipo '/var/folders/zj/l4fywtps03g3shq5xk7p3h080000gn/T/XcodeDistPipeline.~~~AS1fbI/Root/Payload/KazemaGlobal.app/Frameworks/MFSideMenu.framework/MFSideMenu' '-verify_arch' 'arm64e'
2020-11-10 15:23:59 +0000  /Applications/Xcode.app/Contents/Developer/Toolchains/XcodeDefault.xctoolchain/usr/bin/lipo exited with 1
2020-11-10 15:23:59 +0000  Skipping architecture thinning for item "MFSideMenu" because arch "arm64e" wasn't found
2020-11-10 15:23:59 +0000  Running /Applications/Xcode.app/Contents/Developer/Toolchains/XcodeDefault.xctoolchain/usr/bin/lipo '/var/folders/zj/l4fywtps03g3shq5xk7p3h080000gn/T/XcodeDistPipeline.~~~AS1fbI/Root/Payload/KazemaGlobal.app/KazemaGlobal' '-verify_arch' 'arm64e'
2020-11-10 15:23:59 +0000  /Applications/Xcode.app/Contents/Developer/Toolchains/XcodeDefault.xctoolchain/usr/bin/lipo exited with 1
2020-11-10 15:23:59 +0000  Skipping architecture thinning for item "KazemaGlobal" because arch "arm64e" wasn't found
2020-11-10 15:23:59 +0000  Processing step: IDEDistributionODRStep
2020-11-10 15:23:59 +0000  Processing step: IDEDistributionStripXattrsStep
2020-11-10 15:23:59 +0000  Skipping stripping extended attributes of item: <IDEDistributionItem: 0x7fcc08cb02e0; bundleID='org.cocoapods.MFSideMenu', path='<DVTFilePath:0x7fcc08c3e980:'/Users/srishti/Library/Developer/Xcode/Archives/2020-11-10/KazemaGlobal 10-11-20, 8.50 PM.xcarchive/Products/Applications/KazemaGlobal.app/Frameworks/MFSideMenu.framework'>', codeSigningInfo='<_DVTCodeSigningInformation_Path: 0x7fcc077b5fd0; isSigned='1', isAdHocSigned='0', signingCertificate='<DVTSigningCertificate: 0x7fcc07792770; name='Apple Development: Krishnadas Trikkovil Pisharam (XV87HB5W82)', hash='7C1B59F2B8D7798D9C151C33AE1D754E2474D79E', serialNumber='615358B3FE9A8006', certificateKinds='(
    "1.2.840.113635.100.6.1.12",
    "1.2.840.113635.100.6.1.2"
), issueDate='2020-10-22 10:52:05 +0000''>', entitlements='(null)', teamID='23D9P95352', identifier='org.cocoapods.MFSideMenu', executablePath='<DVTFilePath:0x7fcc08cc7af0:'/Users/srishti/Library/Developer/Xcode/Archives/2020-11-10/KazemaGlobal 10-11-20, 8.50 PM.xcarchive/Products/Applications/KazemaGlobal.app/Frameworks/MFSideMenu.framework/MFSideMenu'>', hardenedRuntime='0'>'>
2020-11-10 15:23:59 +0000  Running /usr/bin/xattr '-crs' '/var/folders/zj/l4fywtps03g3shq5xk7p3h080000gn/T/XcodeDistPipeline.~~~AS1fbI/Root/Payload/KazemaGlobal.app'
2020-11-10 15:24:03 +0000  /usr/bin/xattr exited with 0
2020-11-10 15:24:03 +0000  Processing step: IDEDistributionCodesignStep
2020-11-10 15:24:03 +0000  Entitlements for <IDEDistributionItem: 0x7fcc08cb02e0; bundleID='org.cocoapods.MFSideMenu', path='<DVTFilePath:0x7fcc08c3e980:'/Users/srishti/Library/Developer/Xcode/Archives/2020-11-10/KazemaGlobal 10-11-20, 8.50 PM.xcarchive/Products/Applications/KazemaGlobal.app/Frameworks/MFSideMenu.framework'>', codeSigningInfo='<_DVTCodeSigningInformation_Path: 0x7fcc077b5fd0; isSigned='1', isAdHocSigned='0', signingCertificate='<DVTSigningCertificate: 0x7fcc07792770; name='Apple Development: Krishnadas Trikkovil Pisharam (XV87HB5W82)', hash='7C1B59F2B8D7798D9C151C33AE1D754E2474D79E', serialNumber='615358B3FE9A8006', certificateKinds='(
    "1.2.840.113635.100.6.1.12",
    "1.2.840.113635.100.6.1.2"
), issueDate='2020-10-22 10:52:05 +0000''>', entitlements='(null)', teamID='23D9P95352', identifier='org.cocoapods.MFSideMenu', executablePath='<DVTFilePath:0x7fcc08cc7af0:'/Users/srishti/Library/Developer/Xcode/Archives/2020-11-10/KazemaGlobal 10-11-20, 8.50 PM.xcarchive/Products/Applications/KazemaGlobal.app/Frameworks/MFSideMenu.framework/MFSideMenu'>', hardenedRuntime='0'>'>: {
}
2020-11-10 15:24:03 +0000  Writing entitlements for <IDEDistributionItem: 0x7fcc08cb02e0; bundleID='org.cocoapods.MFSideMenu', path='<DVTFilePath:0x7fcc08c3e980:'/Users/srishti/Library/Developer/Xcode/Archives/2020-11-10/KazemaGlobal 10-11-20, 8.50 PM.xcarchive/Products/Applications/KazemaGlobal.app/Frameworks/MFSideMenu.framework'>', codeSigningInfo='<_DVTCodeSigningInformation_Path: 0x7fcc077b5fd0; isSigned='1', isAdHocSigned='0', signingCertificate='<DVTSigningCertificate: 0x7fcc071bea60; name='Apple Development: Krishnadas Trikkovil Pisharam (XV87HB5W82)', hash='7C1B59F2B8D7798D9C151C33AE1D754E2474D79E', serialNumber='615358B3FE9A8006', certificateKinds='(
    "1.2.840.113635.100.6.1.12",
    "1.2.840.113635.100.6.1.2"
), issueDate='2020-10-22 10:52:05 +0000''>', entitlements='(null)', teamID='23D9P95352', identifier='org.cocoapods.MFSideMenu', executablePath='<DVTFilePath:0x7fcc08cc7af0:'/Users/srishti/Library/Developer/Xcode/Archives/2020-11-10/KazemaGlobal 10-11-20, 8.50 PM.xcarchive/Products/Applications/KazemaGlobal.app/Frameworks/MFSideMenu.framework/MFSideMenu'>', hardenedRuntime='0'>'> to: /var/folders/zj/l4fywtps03g3shq5xk7p3h080000gn/T/XcodeDistPipeline.~~~AS1fbI/entitlements~~~pemBJA
2020-11-10 15:24:03 +0000  Running /usr/bin/codesign '-vvv' '--force' '--sign' '7C1B59F2B8D7798D9C151C33AE1D754E2474D79E' '--entitlements' '/var/folders/zj/l4fywtps03g3shq5xk7p3h080000gn/T/XcodeDistPipeline.~~~AS1fbI/entitlements~~~pemBJA' '--preserve-metadata=identifier,flags,runtime' '/var/folders/zj/l4fywtps03g3shq5xk7p3h080000gn/T/XcodeDistPipeline.~~~AS1fbI/Root/Payload/KazemaGlobal.app/Frameworks/MFSideMenu.framework'
2020-11-10 15:24:03 +0000  /var/folders/zj/l4fywtps03g3shq5xk7p3h080000gn/T/XcodeDistPipeline.~~~AS1fbI/Root/Payload/KazemaGlobal.app/Frameworks/MFSideMenu.framework: signed bundle with Mach-O universal (arm64) [org.cocoapods.MFSideMenu]
2020-11-10 15:24:03 +0000  /usr/bin/codesign exited with 0
2020-11-10 15:24:03 +0000  Entitlements for <IDEDistributionItem: 0x7fcc069f9040; bundleID='com.sics.kazemaglobal', path='<DVTFilePath:0x7fcc03bb1150:'/Users/srishti/Library/Developer/Xcode/Archives/2020-11-10/KazemaGlobal 10-11-20, 8.50 PM.xcarchive/Products/Applications/KazemaGlobal.app'>', codeSigningInfo='<_DVTCodeSigningInformation_Path: 0x7fcc03f2e960; isSigned='1', isAdHocSigned='0', signingCertificate='<DVTSigningCertificate: 0x7fcc07792770; name='Apple Development: Krishnadas Trikkovil Pisharam (XV87HB5W82)', hash='7C1B59F2B8D7798D9C151C33AE1D754E2474D79E', serialNumber='615358B3FE9A8006', certificateKinds='(
    "1.2.840.113635.100.6.1.12",
    "1.2.840.113635.100.6.1.2"
), issueDate='2020-10-22 10:52:05 +0000''>', entitlements='{
    "application-identifier" = "23D9P95352.com.sics.kazemaglobal";
    "com.apple.developer.team-identifier" = 23D9P95352;
    "get-task-allow" = 1;
    "keychain-access-groups" =     (
        "23D9P95352.com.sics.kazemaglobal"
    );
}', teamID='23D9P95352', identifier='com.sics.kazemaglobal', executablePath='<DVTFilePath:0x7fcc08166f50:'/Users/srishti/Library/Developer/Xcode/Archives/2020-11-10/KazemaGlobal 10-11-20, 8.50 PM.xcarchive/Products/Applications/KazemaGlobal.app/KazemaGlobal'>', hardenedRuntime='0'>'>: {
    "application-identifier" = "23D9P95352.com.sics.kazemaglobal";
    "com.apple.developer.team-identifier" = 23D9P95352;
    "get-task-allow" = 1;
    "keychain-access-groups" =     (
        "23D9P95352.com.sics.kazemaglobal"
    );
}
2020-11-10 15:24:03 +0000  Writing entitlements for <IDEDistributionItem: 0x7fcc069f9040; bundleID='com.sics.kazemaglobal', path='<DVTFilePath:0x7fcc03bb1150:'/Users/srishti/Library/Developer/Xcode/Archives/2020-11-10/KazemaGlobal 10-11-20, 8.50 PM.xcarchive/Products/Applications/KazemaGlobal.app'>', codeSigningInfo='<_DVTCodeSigningInformation_Path: 0x7fcc03f2e960; isSigned='1', isAdHocSigned='0', signingCertificate='<DVTSigningCertificate: 0x7fcc058f7820; name='Apple Development: Krishnadas Trikkovil Pisharam (XV87HB5W82)', hash='7C1B59F2B8D7798D9C151C33AE1D754E2474D79E', serialNumber='615358B3FE9A8006', certificateKinds='(
    "1.2.840.113635.100.6.1.12",
    "1.2.840.113635.100.6.1.2"
), issueDate='2020-10-22 10:52:05 +0000''>', entitlements='{
    "application-identifier" = "23D9P95352.com.sics.kazemaglobal";
    "com.apple.developer.team-identifier" = 23D9P95352;
    "get-task-allow" = 1;
    "keychain-access-groups" =     (
        "23D9P95352.com.sics.kazemaglobal"
    );
}', teamID='23D9P95352', identifier='com.sics.kazemaglobal', executablePath='<DVTFilePath:0x7fcc08166f50:'/Users/srishti/Library/Developer/Xcode/Archives/2020-11-10/KazemaGlobal 10-11-20, 8.50 PM.xcarchive/Products/Applications/KazemaGlobal.app/KazemaGlobal'>', hardenedRuntime='0'>'> to: /var/folders/zj/l4fywtps03g3shq5xk7p3h080000gn/T/XcodeDistPipeline.~~~AS1fbI/entitlements~~~YR6gHo
2020-11-10 15:24:03 +0000  Running /usr/bin/codesign '-vvv' '--force' '--sign' '7C1B59F2B8D7798D9C151C33AE1D754E2474D79E' '--entitlements' '/var/folders/zj/l4fywtps03g3shq5xk7p3h080000gn/T/XcodeDistPipeline.~~~AS1fbI/entitlements~~~YR6gHo' '--preserve-metadata=identifier,flags,runtime' '/var/folders/zj/l4fywtps03g3shq5xk7p3h080000gn/T/XcodeDistPipeline.~~~AS1fbI/Root/Payload/KazemaGlobal.app'
2020-11-10 15:24:04 +0000  /var/folders/zj/l4fywtps03g3shq5xk7p3h080000gn/T/XcodeDistPipeline.~~~AS1fbI/Root/Payload/KazemaGlobal.app: signed app bundle with Mach-O thin (arm64) [com.sics.kazemaglobal]
2020-11-10 15:24:04 +0000  /usr/bin/codesign exited with 0
2020-11-10 15:24:04 +0000  Processing step: IDEDistributionZipODRItemStep
2020-11-10 15:24:04 +0000  Skipping step: IDEDistributionZipODRItemStep because it said so
2020-11-10 15:24:04 +0000  Skipping step: IDEDistributionZipODRItemStep because it said so
2020-11-10 15:24:04 +0000  Processing step: IDEDistributionCreateIPAStep
2020-11-10 15:24:04 +0000  Running /usr/bin/ditto '-V' '-c' '-k' '--norsrc' '/var/folders/zj/l4fywtps03g3shq5xk7p3h080000gn/T/XcodeDistPipeline.~~~AS1fbI/Root' '/var/folders/zj/l4fywtps03g3shq5xk7p3h080000gn/T/XcodeDistPipeline.~~~AS1fbI/Packages/KazemaGlobal.ipa'
2020-11-10 15:24:04 +0000  >>> Copying /var/folders/zj/l4fywtps03g3shq5xk7p3h080000gn/T/XcodeDistPipeline.~~~AS1fbI/Root 
2020-11-10 15:24:04 +0000  copying file ./Payload/KazemaGlobal.app/_CodeSignature/CodeResources ... 
2020-11-10 15:24:04 +0000  13865 bytes for ./Payload/KazemaGlobal.app/_CodeSignature/CodeResources
2020-11-10 15:24:04 +0000  copying file ./Payload/KazemaGlobal.app/Poppins-ExtraLight.ttf ... 
2020-11-10 15:24:04 +0000  161404 bytes for ./Payload/KazemaGlobal.app/Poppins-ExtraLight.ttf
copying file ./Payload/KazemaGlobal.app/Poppins-ThinItalic.ttf ... 
2020-11-10 15:24:04 +0000  186992 bytes for ./Payload/KazemaGlobal.app/Poppins-ThinItalic.ttf
2020-11-10 15:24:04 +0000  copying file ./Payload/KazemaGlobal.app/KazemaGlobal ... 
2020-11-10 15:24:04 +0000  220176 bytes for ./Payload/KazemaGlobal.app/KazemaGlobal
copying file ./Payload/KazemaGlobal.app/Poppins-ExtraLightItalic.ttf ... 
2020-11-10 15:24:04 +0000  186124 bytes for ./Payload/KazemaGlobal.app/Poppins-ExtraLightItalic.ttf
2020-11-10 15:24:04 +0000  copying file ./Payload/KazemaGlobal.app/Poppins-BoldItalic.ttf ... 
2020-11-10 15:24:04 +0000  176552 bytes for ./Payload/KazemaGlobal.app/Poppins-BoldItalic.ttf
2020-11-10 15:24:04 +0000  copying file ./Payload/KazemaGlobal.app/Poppins-Light.ttf ... 
2020-11-10 15:24:04 +0000  159848 bytes for ./Payload/KazemaGlobal.app/Poppins-Light.ttf
2020-11-10 15:24:04 +0000  copying file ./Payload/KazemaGlobal.app/Poppins-Medium.ttf ... 
2020-11-10 15:24:04 +0000  156480 bytes for ./Payload/KazemaGlobal.app/Poppins-Medium.ttf
2020-11-10 15:24:04 +0000  copying file ./Payload/KazemaGlobal.app/AppIcon60x60@2x.png ... 
2020-11-10 15:24:04 +0000  12864 bytes for ./Payload/KazemaGlobal.app/AppIcon60x60@2x.png
2020-11-10 15:24:04 +0000  copying file ./Payload/KazemaGlobal.app/Poppins-SemiBoldItalic.ttf ... 
2020-11-10 15:24:04 +0000  178548 bytes for ./Payload/KazemaGlobal.app/Poppins-SemiBoldItalic.ttf
2020-11-10 15:24:04 +0000  copying file ./Payload/KazemaGlobal.app/Base.lproj/Main.storyboardc/KGHomePageTableViewController.nib ... 
2020-11-10 15:24:04 +0000  1146 bytes for ./Payload/KazemaGlobal.app/Base.lproj/Main.storyboardc/KGHomePageTableViewController.nib
copying file ./Payload/KazemaGlobal.app/Base.lproj/Main.storyboardc/KGSideMenuTableViewController.nib ... 
2020-11-10 15:24:04 +0000  1098 bytes for ./Payload/KazemaGlobal.app/Base.lproj/Main.storyboardc/KGSideMenuTableViewController.nib
copying file ./Payload/KazemaGlobal.app/Base.lproj/Main.storyboardc/KGKazemaMaintenanceServiceViewController.nib ... 
2020-11-10 15:24:04 +0000  1067 bytes for ./Payload/KazemaGlobal.app/Base.lproj/Main.storyboardc/KGKazemaMaintenanceServiceViewController.nib
copying file ./Payload/KazemaGlobal.app/Base.lproj/Main.storyboardc/Xi0-FZ-lzg-view-12r-Yi-iQY.nib ... 
2020-11-10 15:24:04 +0000  7803 bytes for ./Payload/KazemaGlobal.app/Base.lproj/Main.storyboardc/Xi0-FZ-lzg-view-12r-Yi-iQY.nib
2020-11-10 15:24:04 +0000  copying file ./Payload/KazemaGlobal.app/Base.lproj/Main.storyboardc/KGHomeNavigationViewController.nib ... 
2137 bytes for ./Payload/KazemaGlobal.app/Base.lproj/Main.storyboardc/KGHomeNavigationViewController.nib
2020-11-10 15:24:04 +0000  copying file ./Payload/KazemaGlobal.app/Base.lproj/Main.storyboardc/kHF-X2-PVE-view-L6r-YP-cE6.nib ... 
2020-11-10 15:24:04 +0000  10358 bytes for ./Payload/KazemaGlobal.app/Base.lproj/Main.storyboardc/kHF-X2-PVE-view-L6r-YP-cE6.nib
copying file ./Payload/KazemaGlobal.app/Base.lproj/Main.storyboardc/KGCleaningServiceViewController.nib ... 
2020-11-10 15:24:04 +0000  1049 bytes for ./Payload/KazemaGlobal.app/Base.lproj/Main.storyboardc/KGCleaningServiceViewController.nib
copying file ./Payload/KazemaGlobal.app/Base.lproj/Main.storyboardc/KGNotificationViewController.nib ... 
2020-11-10 15:24:04 +0000  1091 bytes for ./Payload/KazemaGlobal.app/Base.lproj/Main.storyboardc/KGNotificationViewController.nib
copying file ./Payload/KazemaGlobal.app/Base.lproj/Main.storyboardc/amu-Ws-Jus-view-pIo-NE-1LT.nib ... 
2020-11-10 15:24:04 +0000  9798 bytes for ./Payload/KazemaGlobal.app/Base.lproj/Main.storyboardc/amu-Ws-Jus-view-pIo-NE-1LT.nib
2020-11-10 15:24:04 +0000  copying file ./Payload/KazemaGlobal.app/Base.lproj/Main.storyboardc/KGUpgradeProfileViewController.nib ... 
1095 bytes for ./Payload/KazemaGlobal.app/Base.lproj/Main.storyboardc/KGUpgradeProfileViewController.nib
copying file ./Payload/KazemaGlobal.app/Base.lproj/Main.storyboardc/smu-RA-QM2-view-SYg-AM-ddR.nib ... 
2020-11-10 15:24:04 +0000  22252 bytes for ./Payload/KazemaGlobal.app/Base.lproj/Main.storyboardc/smu-RA-QM2-view-SYg-AM-ddR.nib
2020-11-10 15:24:04 +0000  copying file ./Payload/KazemaGlobal.app/Base.lproj/Main.storyboardc/0Z2-1K-0s5-view-g51-9I-ZS6.nib ... 
2020-11-10 15:24:04 +0000  6837 bytes for ./Payload/KazemaGlobal.app/Base.lproj/Main.storyboardc/0Z2-1K-0s5-view-g51-9I-ZS6.nib
2020-11-10 15:24:04 +0000  copying file ./Payload/KazemaGlobal.app/Base.lproj/Main.storyboardc/cyC-E0-YLe-view-BdY-nT-GeZ.nib ... 
2020-11-10 15:24:04 +0000  13740 bytes for ./Payload/KazemaGlobal.app/Base.lproj/Main.storyboardc/cyC-E0-YLe-view-BdY-nT-GeZ.nib
2020-11-10 15:24:04 +0000  copying file ./Payload/KazemaGlobal.app/Base.lproj/Main.storyboardc/Info.plist ... 
687 bytes for ./Payload/KazemaGlobal.app/Base.lproj/Main.storyboardc/Info.plist
copying file ./Payload/KazemaGlobal.app/Base.lproj/LaunchScreen.storyboardc/01J-lp-oVM-view-Ze5-6b-2t3.nib ... 
2020-11-10 15:24:04 +0000  2426 bytes for ./Payload/KazemaGlobal.app/Base.lproj/LaunchScreen.storyboardc/01J-lp-oVM-view-Ze5-6b-2t3.nib
2020-11-10 15:24:04 +0000  copying file ./Payload/KazemaGlobal.app/Base.lproj/LaunchScreen.storyboardc/UIViewController-01J-lp-oVM.nib ... 
896 bytes for ./Payload/KazemaGlobal.app/Base.lproj/LaunchScreen.storyboardc/UIViewController-01J-lp-oVM.nib
copying file ./Payload/KazemaGlobal.app/Base.lproj/LaunchScreen.storyboardc/Info.plist ... 
2020-11-10 15:24:04 +0000  258 bytes for ./Payload/KazemaGlobal.app/Base.lproj/LaunchScreen.storyboardc/Info.plist
copying file ./Payload/KazemaGlobal.app/Poppins-ExtraBoldItalic.ttf ... 
2020-11-10 15:24:04 +0000  173868 bytes for ./Payload/KazemaGlobal.app/Poppins-ExtraBoldItalic.ttf
2020-11-10 15:24:04 +0000  copying file ./Payload/KazemaGlobal.app/Poppins-ExtraBold.ttf ... 
2020-11-10 15:24:04 +0000  152712 bytes for ./Payload/KazemaGlobal.app/Poppins-ExtraBold.ttf
2020-11-10 15:24:04 +0000  copying file ./Payload/KazemaGlobal.app/Assets.car ... 
2020-11-10 15:24:04 +0000  3977695 bytes for ./Payload/KazemaGlobal.app/Assets.car
2020-11-10 15:24:04 +0000  copying file ./Payload/KazemaGlobal.app/AppIcon76x76@2x~ipad.png ... 
2020-11-10 15:24:04 +0000  18624 bytes for ./Payload/KazemaGlobal.app/AppIcon76x76@2x~ipad.png
copying file ./Payload/KazemaGlobal.app/Poppins-BlackItalic.ttf ... 
2020-11-10 15:24:04 +0000  171544 bytes for ./Payload/KazemaGlobal.app/Poppins-BlackItalic.ttf
copying file ./Payload/KazemaGlobal.app/OFL.txt ... 
2020-11-10 15:24:04 +0000  4478 bytes for ./Payload/KazemaGlobal.app/OFL.txt
copying file ./Payload/KazemaGlobal.app/KazemaGlobal.momd/VersionInfo.plist ... 
2020-11-10 15:24:04 +0000  161 bytes for ./Payload/KazemaGlobal.app/KazemaGlobal.momd/VersionInfo.plist
copying file ./Payload/KazemaGlobal.app/KazemaGlobal.momd/KazemaGlobal.mom ... 
513 bytes for ./Payload/KazemaGlobal.app/KazemaGlobal.momd/KazemaGlobal.mom
copying file ./Payload/KazemaGlobal.app/KazemaGlobal.momd/KazemaGlobal.omo ... 
2020-11-10 15:24:04 +0000  704 bytes for ./Payload/KazemaGlobal.app/KazemaGlobal.momd/KazemaGlobal.omo
copying file ./Payload/KazemaGlobal.app/Poppins-Regular.ttf ... 
2020-11-10 15:24:04 +0000  158192 bytes for ./Payload/KazemaGlobal.app/Poppins-Regular.ttf
copying file ./Payload/KazemaGlobal.app/Poppins-LightItalic.ttf ... 
2020-11-10 15:24:04 +0000  184420 bytes for ./Payload/KazemaGlobal.app/Poppins-LightItalic.ttf
2020-11-10 15:24:04 +0000  copying file ./Payload/KazemaGlobal.app/Poppins-Bold.ttf ... 
2020-11-10 15:24:04 +0000  153900 bytes for ./Payload/KazemaGlobal.app/Poppins-Bold.ttf
2020-11-10 15:24:04 +0000  copying file ./Payload/KazemaGlobal.app/Frameworks/MFSideMenu.framework/_CodeSignature/CodeResources ... 
1798 bytes for ./Payload/KazemaGlobal.app/Frameworks/MFSideMenu.framework/_CodeSignature/CodeResources
2020-11-10 15:24:04 +0000  copying file ./Payload/KazemaGlobal.app/Frameworks/MFSideMenu.framework/MFSideMenu ... 
2020-11-10 15:24:04 +0000  168064 bytes for ./Payload/KazemaGlobal.app/Frameworks/MFSideMenu.framework/MFSideMenu
copying file ./Payload/KazemaGlobal.app/Frameworks/MFSideMenu.framework/Info.plist ... 
2020-11-10 15:24:04 +0000  744 bytes for ./Payload/KazemaGlobal.app/Frameworks/MFSideMenu.framework/Info.plist
copying file ./Payload/KazemaGlobal.app/Poppins-Black.ttf ... 
2020-11-10 15:24:04 +0000  151340 bytes for ./Payload/KazemaGlobal.app/Poppins-Black.ttf
copying file ./Payload/KazemaGlobal.app/embedded.mobileprovision ... 
2020-11-10 15:24:04 +0000  13342 bytes for ./Payload/KazemaGlobal.app/embedded.mobileprovision
2020-11-10 15:24:04 +0000  copying file ./Payload/KazemaGlobal.app/Poppins-Thin.ttf ... 
2020-11-10 15:24:04 +0000  161600 bytes for ./Payload/KazemaGlobal.app/Poppins-Thin.ttf
copying file ./Payload/KazemaGlobal.app/Poppins-SemiBold.ttf ... 
2020-11-10 15:24:04 +0000  155192 bytes for ./Payload/KazemaGlobal.app/Poppins-SemiBold.ttf
2020-11-10 15:24:04 +0000  copying file ./Payload/KazemaGlobal.app/Poppins-Italic.ttf ... 
2020-11-10 15:24:04 +0000  181972 bytes for ./Payload/KazemaGlobal.app/Poppins-Italic.ttf
2020-11-10 15:24:04 +0000  copying file ./Payload/KazemaGlobal.app/Info.plist ... 
2112 bytes for ./Payload/KazemaGlobal.app/Info.plist
copying file ./Payload/KazemaGlobal.app/PkgInfo ... 
2020-11-10 15:24:04 +0000  8 bytes for ./Payload/KazemaGlobal.app/PkgInfo
copying file ./Payload/KazemaGlobal.app/Poppins-MediumItalic.ttf ... 
2020-11-10 15:24:04 +0000  180412 bytes for ./Payload/KazemaGlobal.app/Poppins-MediumItalic.ttf
2020-11-10 15:24:04 +0000  /usr/bin/ditto exited with 0
2020-11-10 15:24:04 +0000  Processing step: IDEDistributionAppStoreInformationStep
2020-11-10 15:24:04 +0000  Skipping step: IDEDistributionAppStoreInformationStep because it said so
2020-11-10 15:24:04 +0000  Processing step: IDEDistributionGenerateProcessedDistributionItems
2020-11-10 15:24:04 +0000  Processing step: IDEDistributionCreateManifestStep
