2020-11-09 03:59:46 +0000  Initial pipeline context: <IDEDistributionProcessingPipelineContext: 0x7fd54ee63230; archive(resolved)='<IDEArchive: 0x7fd56acf7f40>', distributionTask(resolved)='2', distributionDestination(resolved)='1', distributionMethod(resolved)='<IDEDistributionMethodDevelopmentSigned: 0x7fd56d1ad7f0>', team(resolved)='<IDEProvisioningDisambiguatableBasicTeam: 0x7fd56c889e50; teamID='23D9P95352', teamName='KRISHNADAS PISHARAM', teamType='Individual', username='sicsapp@srishtis.com', isFreeProvisioningTeam='0'>'>
	Chain (13, self inclusive):
	<IDEDistributionProcessingPipelineContext: 0x7fd54ee63230; archive = '<IDEArchive: 0x7fd56acf7f40>', distributionMethod='<IDEDistributionMethodDevelopmentSigned: 0x7fd56d1ad7f0>', team='<IDEProvisioningDisambiguatableBasicTeam: 0x7fd56c889e50; teamID='23D9P95352', teamName='KRISHNADAS PISHARAM', teamType='Individual', username='sicsapp@srishtis.com', isFreeProvisioningTeam='0'>'>
	<IDEDistributionProcessingPipelineContext: 0x7fd54ee64b20; archive = '<IDEArchive: 0x7fd56acf7f40>', distributionMethod='<IDEDistributionMethodDevelopmentSigned: 0x7fd56d1ad7f0>', team='<IDEProvisioningDisambiguatableBasicTeam: 0x7fd56c889e50; teamID='23D9P95352', teamName='KRISHNADAS PISHARAM', teamType='Individual', username='sicsapp@srishtis.com', isFreeProvisioningTeam='0'>'>
	<IDEDistributionContext: 0x7fd54eb3f5f0; archive = '<IDEArchive: 0x7fd56acf7f40>', distributionMethod='<IDEDistributionMethodDevelopmentSigned: 0x7fd56d1ad7f0>', team='<IDEProvisioningDisambiguatableBasicTeam: 0x7fd56c889e50; teamID='23D9P95352', teamName='KRISHNADAS PISHARAM', teamType='Individual', username='sicsapp@srishtis.com', isFreeProvisioningTeam='0'>'>
	<IDEDistributionContext: 0x7fd54ee559f0; archive = '<IDEArchive: 0x7fd56acf7f40>', distributionMethod='<IDEDistributionMethodDevelopmentSigned: 0x7fd56d1ad7f0>', team='<IDEProvisioningDisambiguatableBasicTeam: 0x7fd56c889e50; teamID='23D9P95352', teamName='KRISHNADAS PISHARAM', teamType='Individual', username='sicsapp@srishtis.com', isFreeProvisioningTeam='0'>'>
	<IDEDistributionContext: 0x7fd54ee55610; archive = '<IDEArchive: 0x7fd56acf7f40>', distributionMethod='<IDEDistributionMethodDevelopmentSigned: 0x7fd56d1ad7f0>', team='<IDEProvisioningDisambiguatableBasicTeam: 0x7fd56c889e50; teamID='23D9P95352', teamName='KRISHNADAS PISHARAM', teamType='Individual', username='sicsapp@srishtis.com', isFreeProvisioningTeam='0'>'>
	<IDEDistributionContext: 0x7fd54ee49a90; archive = '<IDEArchive: 0x7fd56acf7f40>', distributionMethod='<IDEDistributionMethodDevelopmentSigned: 0x7fd56d1ad7f0>', team='<IDEProvisioningDisambiguatableBasicTeam: 0x7fd56c889e50; teamID='23D9P95352', teamName='KRISHNADAS PISHARAM', teamType='Individual', username='sicsapp@srishtis.com', isFreeProvisioningTeam='0'>'>
	<IDEDistributionContext: 0x7fd54df946c0; archive = '<IDEArchive: 0x7fd56acf7f40>', distributionMethod='<IDEDistributionMethodDevelopmentSigned: 0x7fd56d1ad7f0>', team='<IDEProvisioningDisambiguatableBasicTeam: 0x7fd56c889e50; teamID='23D9P95352', teamName='KRISHNADAS PISHARAM', teamType='Individual', username='sicsapp@srishtis.com', isFreeProvisioningTeam='0'>'>
	<IDEDistributionContext: 0x7fd56d499bb0; archive = '<IDEArchive: 0x7fd56acf7f40>', distributionMethod='<IDEDistributionMethodDevelopmentSigned: 0x7fd56d1ad7f0>', team='<IDEProvisioningDisambiguatableBasicTeam: 0x7fd56c889e50; teamID='23D9P95352', teamName='KRISHNADAS PISHARAM', teamType='Individual', username='sicsapp@srishtis.com', isFreeProvisioningTeam='0'>'>
	<IDEDistributionContext: 0x7fd56adf8e70; archive = '<IDEArchive: 0x7fd56acf7f40>', distributionMethod='<IDEDistributionMethodDevelopmentSigned: 0x7fd56d1ad7f0>', team='<IDEProvisioningDisambiguatableBasicTeam: 0x7fd56c889e50; teamID='23D9P95352', teamName='KRISHNADAS PISHARAM', teamType='Individual', username='sicsapp@srishtis.com', isFreeProvisioningTeam='0'>'>
	<IDEDistributionContext: 0x7fd54ee93b10; archive = '<IDEArchive: 0x7fd56acf7f40>', distributionMethod='<IDEDistributionMethodDevelopmentSigned: 0x7fd56d1ad7f0>', team='(null)'>
	<IDEDistributionContext: 0x7fd54ee65ae0; archive = '<IDEArchive: 0x7fd56acf7f40>', distributionMethod='<IDEDistributionMethodDevelopmentSigned: 0x7fd56d1ad7f0>', team='(null)'>
	<IDEDistributionContext: 0x7fd56d05e970; archive = '<IDEArchive: 0x7fd56acf7f40>', distributionMethod='<IDEDistributionMethodDevelopmentSigned: 0x7fd56d1ad7f0>', team='(null)'>
	<IDEDistributionContext: 0x7fd56d434f30; archive = '<IDEArchive: 0x7fd56acf7f40>', distributionMethod='(null)', team='(null)'>
</IDEDistributionProcessingPipelineContext: 0x7fd54ee63230>
2020-11-09 03:59:46 +0000  Processing step: IDEDistributionCreateDestRootStep
2020-11-09 03:59:46 +0000  Processing step: IDEDistributionCopyItemStep
2020-11-09 03:59:46 +0000  Running /usr/bin/ditto '-V' '/Users/srishti/Library/Developer/Xcode/Archives/2020-11-09/KazemaGlobal 09-11-20, 9.28 AM.xcarchive/Products/Applications/KazemaGlobal.app' '/var/folders/zj/l4fywtps03g3shq5xk7p3h080000gn/T/XcodeDistPipeline.~~~8sxpET/Root/Payload/KazemaGlobal.app'
2020-11-09 03:59:46 +0000  >>> Copying /Users/srishti/Library/Developer/Xcode/Archives/2020-11-09/KazemaGlobal 09-11-20, 9.28 AM.xcarchive/Products/Applications/KazemaGlobal.app 
2020-11-09 03:59:46 +0000  copying file ./_CodeSignature/CodeResources ... 
2020-11-09 03:59:46 +0000  9949 bytes for ./_CodeSignature/CodeResources
2020-11-09 03:59:46 +0000  copying file ./Poppins-ExtraLight.ttf ... 
2020-11-09 03:59:46 +0000  161404 bytes for ./Poppins-ExtraLight.ttf
2020-11-09 03:59:46 +0000  copying file ./Poppins-ThinItalic.ttf ... 
186992 bytes for ./Poppins-ThinItalic.ttf
copying file ./KazemaGlobal ... 
2020-11-09 03:59:46 +0000  441472 bytes for ./KazemaGlobal
copying file ./Poppins-ExtraLightItalic.ttf ... 
186124 bytes for ./Poppins-ExtraLightItalic.ttf
2020-11-09 03:59:46 +0000  copying file ./Poppins-BoldItalic.ttf ... 
176552 bytes for ./Poppins-BoldItalic.ttf
copying file ./Poppins-Light.ttf ... 
159848 bytes for ./Poppins-Light.ttf
copying file ./Poppins-Medium.ttf ... 
156480 bytes for ./Poppins-Medium.ttf
copying file ./AppIcon60x60@2x.png ... 
12864 bytes for ./AppIcon60x60@2x.png
copying file ./Poppins-SemiBoldItalic.ttf ... 
178548 bytes for ./Poppins-SemiBoldItalic.ttf
copying file ./Base.lproj/Main.storyboardc/KGHomePageTableViewController.nib ... 
2020-11-09 03:59:46 +0000  1146 bytes for ./Base.lproj/Main.storyboardc/KGHomePageTableViewController.nib
copying file ./Base.lproj/Main.storyboardc/UINavigationController-LFd-XQ-zjQ.nib ... 
1843 bytes for ./Base.lproj/Main.storyboardc/UINavigationController-LFd-XQ-zjQ.nib
copying file ./Base.lproj/Main.storyboardc/smu-RA-QM2-view-SYg-AM-ddR.nib ... 
22075 bytes for ./Base.lproj/Main.storyboardc/smu-RA-QM2-view-SYg-AM-ddR.nib
copying file ./Base.lproj/Main.storyboardc/Info.plist ... 
355 bytes for ./Base.lproj/Main.storyboardc/Info.plist
copying file ./Base.lproj/LaunchScreen.storyboardc/01J-lp-oVM-view-Ze5-6b-2t3.nib ... 
2429 bytes for ./Base.lproj/LaunchScreen.storyboardc/01J-lp-oVM-view-Ze5-6b-2t3.nib
copying file ./Base.lproj/LaunchScreen.storyboardc/UIViewController-01J-lp-oVM.nib ... 
896 bytes for ./Base.lproj/LaunchScreen.storyboardc/UIViewController-01J-lp-oVM.nib
copying file ./Base.lproj/LaunchScreen.storyboardc/Info.plist ... 
258 bytes for ./Base.lproj/LaunchScreen.storyboardc/Info.plist
copying file ./Poppins-ExtraBoldItalic.ttf ... 
2020-11-09 03:59:46 +0000  173868 bytes for ./Poppins-ExtraBoldItalic.ttf
copying file ./Poppins-ExtraBold.ttf ... 
152712 bytes for ./Poppins-ExtraBold.ttf
copying file ./Assets.car ... 
2020-11-09 03:59:46 +0000  2376799 bytes for ./Assets.car
copying file ./AppIcon76x76@2x~ipad.png ... 
2020-11-09 03:59:46 +0000  /usr/bin/ditto exited with 0
2020-11-09 03:59:46 +0000  18624 bytes for ./AppIcon76x76@2x~ipad.png
copying file ./Poppins-BlackItalic.ttf ... 
171544 bytes for ./Poppins-BlackItalic.ttf
copying file ./OFL.txt ... 
4478 bytes for ./OFL.txt
copying file ./KazemaGlobal.momd/VersionInfo.plist ... 
161 bytes for ./KazemaGlobal.momd/VersionInfo.plist
copying file ./KazemaGlobal.momd/KazemaGlobal.mom ... 
513 bytes for ./KazemaGlobal.momd/KazemaGlobal.mom
copying file ./KazemaGlobal.momd/KazemaGlobal.omo ... 
704 bytes for ./KazemaGlobal.momd/KazemaGlobal.omo
copying file ./Poppins-Regular.ttf ... 
158192 bytes for ./Poppins-Regular.ttf
copying file ./Poppins-LightItalic.ttf ... 
184420 bytes for ./Poppins-LightItalic.ttf
copying file ./Poppins-Bold.ttf ... 
153900 bytes for ./Poppins-Bold.ttf
copying file ./Poppins-Black.ttf ... 
151340 bytes for ./Poppins-Black.ttf
copying file ./embedded.mobileprovision ... 
13342 bytes for ./embedded.mobileprovision
copying file ./Poppins-Thin.ttf ... 
161600 bytes for ./Poppins-Thin.ttf
copying file ./Poppins-SemiBold.ttf ... 
155192 bytes for ./Poppins-SemiBold.ttf
copying file ./Poppins-Italic.ttf ... 
181972 bytes for ./Poppins-Italic.ttf
copying file ./Info.plist ... 
1672 bytes for ./Info.plist
copying file ./PkgInfo ... 
8 bytes for ./PkgInfo
copying file ./Poppins-MediumItalic.ttf ... 
180412 bytes for ./Poppins-MediumItalic.ttf
2020-11-09 03:59:46 +0000  Processing step: IDEDistributionEmbedProfileStep
2020-11-09 03:59:46 +0000  Processing step: IDEDistributionAppThinningPlistStep
2020-11-09 03:59:46 +0000  Skipping step: IDEDistributionAppThinningPlistStep because it said so
2020-11-09 03:59:46 +0000  Processing step: IDEDistributionCompileBitcodeStep
2020-11-09 03:59:46 +0000  Skipping step: IDEDistributionCompileBitcodeStep because it said so
2020-11-09 03:59:46 +0000  Processing step: IDEDistributionCodeSlimmingStep
2020-11-09 03:59:47 +0000  Processing step: IDEDistributionCopyBCSymbolMapsStep
2020-11-09 03:59:47 +0000  Skipping step: IDEDistributionCopyBCSymbolMapsStep because it said so
2020-11-09 03:59:47 +0000  Processing step: IDEDistributionSymbolsStep
2020-11-09 03:59:47 +0000  Skipping step: IDEDistributionSymbolsStep because it said so
2020-11-09 03:59:47 +0000  Processing step: IDEDistributionAppThinningStep
2020-11-09 03:59:47 +0000  Skipping step: IDEDistributionAppThinningStep because it said so
2020-11-09 03:59:47 +0000  Processing step: IDEDistributionArchThinningStep
2020-11-09 03:59:47 +0000  Running /Applications/Xcode.app/Contents/Developer/Toolchains/XcodeDefault.xctoolchain/usr/bin/lipo '/var/folders/zj/l4fywtps03g3shq5xk7p3h080000gn/T/XcodeDistPipeline.~~~8sxpET/Root/Payload/KazemaGlobal.app/KazemaGlobal' '-verify_arch' 'arm64e'
2020-11-09 03:59:47 +0000  /Applications/Xcode.app/Contents/Developer/Toolchains/XcodeDefault.xctoolchain/usr/bin/lipo exited with 1
2020-11-09 03:59:47 +0000  Skipping architecture thinning for item "KazemaGlobal" because arch "arm64e" wasn't found
2020-11-09 03:59:47 +0000  Processing step: IDEDistributionODRStep
2020-11-09 03:59:47 +0000  Processing step: IDEDistributionStripXattrsStep
2020-11-09 03:59:47 +0000  Running /usr/bin/xattr '-crs' '/var/folders/zj/l4fywtps03g3shq5xk7p3h080000gn/T/XcodeDistPipeline.~~~8sxpET/Root/Payload/KazemaGlobal.app'
2020-11-09 03:59:50 +0000  /usr/bin/xattr exited with 0
2020-11-09 03:59:50 +0000  Processing step: IDEDistributionCodesignStep
2020-11-09 03:59:50 +0000  Entitlements for <IDEDistributionItem: 0x7fd54ee4ff90; bundleID='com.sics.kazemaglobal', path='<DVTFilePath:0x7fd562f970f0:'/Users/srishti/Library/Developer/Xcode/Archives/2020-11-09/KazemaGlobal 09-11-20, 9.28 AM.xcarchive/Products/Applications/KazemaGlobal.app'>', codeSigningInfo='<_DVTCodeSigningInformation_Path: 0x7fd56adf2370; isSigned='1', isAdHocSigned='0', signingCertificate='<DVTSigningCertificate: 0x7fd56cefb680; name='Apple Development: Krishnadas Trikkovil Pisharam (XV87HB5W82)', hash='7C1B59F2B8D7798D9C151C33AE1D754E2474D79E', serialNumber='615358B3FE9A8006', certificateKinds='(
    "1.2.840.113635.100.6.1.12",
    "1.2.840.113635.100.6.1.2"
), issueDate='2020-10-22 10:52:05 +0000''>', entitlements='{
    "application-identifier" = "23D9P95352.com.sics.kazemaglobal";
    "com.apple.developer.team-identifier" = 23D9P95352;
    "get-task-allow" = 1;
    "keychain-access-groups" =     (
        "23D9P95352.com.sics.kazemaglobal"
    );
}', teamID='23D9P95352', identifier='com.sics.kazemaglobal', executablePath='<DVTFilePath:0x7fd56cf51050:'/Users/srishti/Library/Developer/Xcode/Archives/2020-11-09/KazemaGlobal 09-11-20, 9.28 AM.xcarchive/Products/Applications/KazemaGlobal.app/KazemaGlobal'>', hardenedRuntime='0'>'>: {
    "application-identifier" = "23D9P95352.com.sics.kazemaglobal";
    "com.apple.developer.team-identifier" = 23D9P95352;
    "get-task-allow" = 1;
    "keychain-access-groups" =     (
        "23D9P95352.com.sics.kazemaglobal"
    );
}
2020-11-09 03:59:50 +0000  Writing entitlements for <IDEDistributionItem: 0x7fd54ee4ff90; bundleID='com.sics.kazemaglobal', path='<DVTFilePath:0x7fd562f970f0:'/Users/srishti/Library/Developer/Xcode/Archives/2020-11-09/KazemaGlobal 09-11-20, 9.28 AM.xcarchive/Products/Applications/KazemaGlobal.app'>', codeSigningInfo='<_DVTCodeSigningInformation_Path: 0x7fd56adf2370; isSigned='1', isAdHocSigned='0', signingCertificate='<DVTSigningCertificate: 0x7fd56d37e310; name='Apple Development: Krishnadas Trikkovil Pisharam (XV87HB5W82)', hash='7C1B59F2B8D7798D9C151C33AE1D754E2474D79E', serialNumber='615358B3FE9A8006', certificateKinds='(
    "1.2.840.113635.100.6.1.12",
    "1.2.840.113635.100.6.1.2"
), issueDate='2020-10-22 10:52:05 +0000''>', entitlements='{
    "application-identifier" = "23D9P95352.com.sics.kazemaglobal";
    "com.apple.developer.team-identifier" = 23D9P95352;
    "get-task-allow" = 1;
    "keychain-access-groups" =     (
        "23D9P95352.com.sics.kazemaglobal"
    );
}', teamID='23D9P95352', identifier='com.sics.kazemaglobal', executablePath='<DVTFilePath:0x7fd56cf51050:'/Users/srishti/Library/Developer/Xcode/Archives/2020-11-09/KazemaGlobal 09-11-20, 9.28 AM.xcarchive/Products/Applications/KazemaGlobal.app/KazemaGlobal'>', hardenedRuntime='0'>'> to: /var/folders/zj/l4fywtps03g3shq5xk7p3h080000gn/T/XcodeDistPipeline.~~~8sxpET/entitlements~~~Cp9XJy
2020-11-09 03:59:50 +0000  Running /usr/bin/codesign '-vvv' '--force' '--sign' '7C1B59F2B8D7798D9C151C33AE1D754E2474D79E' '--entitlements' '/var/folders/zj/l4fywtps03g3shq5xk7p3h080000gn/T/XcodeDistPipeline.~~~8sxpET/entitlements~~~Cp9XJy' '--preserve-metadata=identifier,flags,runtime' '/var/folders/zj/l4fywtps03g3shq5xk7p3h080000gn/T/XcodeDistPipeline.~~~8sxpET/Root/Payload/KazemaGlobal.app'
2020-11-09 03:59:50 +0000  /var/folders/zj/l4fywtps03g3shq5xk7p3h080000gn/T/XcodeDistPipeline.~~~8sxpET/Root/Payload/KazemaGlobal.app: signed app bundle with Mach-O thin (arm64) [com.sics.kazemaglobal]
2020-11-09 03:59:50 +0000  /usr/bin/codesign exited with 0
2020-11-09 03:59:50 +0000  Processing step: IDEDistributionZipODRItemStep
2020-11-09 03:59:50 +0000  Skipping step: IDEDistributionZipODRItemStep because it said so
2020-11-09 03:59:50 +0000  Processing step: IDEDistributionCreateIPAStep
2020-11-09 03:59:50 +0000  Running /usr/bin/ditto '-V' '-c' '-k' '--norsrc' '/var/folders/zj/l4fywtps03g3shq5xk7p3h080000gn/T/XcodeDistPipeline.~~~8sxpET/Root' '/var/folders/zj/l4fywtps03g3shq5xk7p3h080000gn/T/XcodeDistPipeline.~~~8sxpET/Packages/KazemaGlobal.ipa'
2020-11-09 03:59:50 +0000  >>> Copying /var/folders/zj/l4fywtps03g3shq5xk7p3h080000gn/T/XcodeDistPipeline.~~~8sxpET/Root 
2020-11-09 03:59:50 +0000  copying file ./Payload/KazemaGlobal.app/_CodeSignature/CodeResources ... 
2020-11-09 03:59:50 +0000  9949 bytes for ./Payload/KazemaGlobal.app/_CodeSignature/CodeResources
2020-11-09 03:59:50 +0000  copying file ./Payload/KazemaGlobal.app/Poppins-ExtraLight.ttf ... 
2020-11-09 03:59:50 +0000  161404 bytes for ./Payload/KazemaGlobal.app/Poppins-ExtraLight.ttf
copying file ./Payload/KazemaGlobal.app/Poppins-ThinItalic.ttf ... 
2020-11-09 03:59:50 +0000  186992 bytes for ./Payload/KazemaGlobal.app/Poppins-ThinItalic.ttf
copying file ./Payload/KazemaGlobal.app/KazemaGlobal ... 
2020-11-09 03:59:50 +0000  144256 bytes for ./Payload/KazemaGlobal.app/KazemaGlobal
2020-11-09 03:59:50 +0000  copying file ./Payload/KazemaGlobal.app/Poppins-ExtraLightItalic.ttf ... 
2020-11-09 03:59:50 +0000  186124 bytes for ./Payload/KazemaGlobal.app/Poppins-ExtraLightItalic.ttf
copying file ./Payload/KazemaGlobal.app/Poppins-BoldItalic.ttf ... 
2020-11-09 03:59:50 +0000  176552 bytes for ./Payload/KazemaGlobal.app/Poppins-BoldItalic.ttf
copying file ./Payload/KazemaGlobal.app/Poppins-Light.ttf ... 
2020-11-09 03:59:50 +0000  159848 bytes for ./Payload/KazemaGlobal.app/Poppins-Light.ttf
copying file ./Payload/KazemaGlobal.app/Poppins-Medium.ttf ... 
2020-11-09 03:59:50 +0000  156480 bytes for ./Payload/KazemaGlobal.app/Poppins-Medium.ttf
copying file ./Payload/KazemaGlobal.app/AppIcon60x60@2x.png ... 
2020-11-09 03:59:50 +0000  12864 bytes for ./Payload/KazemaGlobal.app/AppIcon60x60@2x.png
copying file ./Payload/KazemaGlobal.app/Poppins-SemiBoldItalic.ttf ... 
2020-11-09 03:59:50 +0000  178548 bytes for ./Payload/KazemaGlobal.app/Poppins-SemiBoldItalic.ttf
2020-11-09 03:59:50 +0000  copying file ./Payload/KazemaGlobal.app/Base.lproj/Main.storyboardc/KGHomePageTableViewController.nib ... 
1146 bytes for ./Payload/KazemaGlobal.app/Base.lproj/Main.storyboardc/KGHomePageTableViewController.nib
copying file ./Payload/KazemaGlobal.app/Base.lproj/Main.storyboardc/UINavigationController-LFd-XQ-zjQ.nib ... 
2020-11-09 03:59:50 +0000  1843 bytes for ./Payload/KazemaGlobal.app/Base.lproj/Main.storyboardc/UINavigationController-LFd-XQ-zjQ.nib
copying file ./Payload/KazemaGlobal.app/Base.lproj/Main.storyboardc/smu-RA-QM2-view-SYg-AM-ddR.nib ... 
2020-11-09 03:59:50 +0000  22075 bytes for ./Payload/KazemaGlobal.app/Base.lproj/Main.storyboardc/smu-RA-QM2-view-SYg-AM-ddR.nib
copying file ./Payload/KazemaGlobal.app/Base.lproj/Main.storyboardc/Info.plist ... 
2020-11-09 03:59:50 +0000  355 bytes for ./Payload/KazemaGlobal.app/Base.lproj/Main.storyboardc/Info.plist
copying file ./Payload/KazemaGlobal.app/Base.lproj/LaunchScreen.storyboardc/01J-lp-oVM-view-Ze5-6b-2t3.nib ... 
2020-11-09 03:59:50 +0000  2429 bytes for ./Payload/KazemaGlobal.app/Base.lproj/LaunchScreen.storyboardc/01J-lp-oVM-view-Ze5-6b-2t3.nib
copying file ./Payload/KazemaGlobal.app/Base.lproj/LaunchScreen.storyboardc/UIViewController-01J-lp-oVM.nib ... 
2020-11-09 03:59:50 +0000  896 bytes for ./Payload/KazemaGlobal.app/Base.lproj/LaunchScreen.storyboardc/UIViewController-01J-lp-oVM.nib
copying file ./Payload/KazemaGlobal.app/Base.lproj/LaunchScreen.storyboardc/Info.plist ... 
2020-11-09 03:59:50 +0000  258 bytes for ./Payload/KazemaGlobal.app/Base.lproj/LaunchScreen.storyboardc/Info.plist
copying file ./Payload/KazemaGlobal.app/Poppins-ExtraBoldItalic.ttf ... 
2020-11-09 03:59:50 +0000  173868 bytes for ./Payload/KazemaGlobal.app/Poppins-ExtraBoldItalic.ttf
copying file ./Payload/KazemaGlobal.app/Poppins-ExtraBold.ttf ... 
2020-11-09 03:59:50 +0000  152712 bytes for ./Payload/KazemaGlobal.app/Poppins-ExtraBold.ttf
copying file ./Payload/KazemaGlobal.app/Assets.car ... 
2020-11-09 03:59:51 +0000  2376799 bytes for ./Payload/KazemaGlobal.app/Assets.car
copying file ./Payload/KazemaGlobal.app/AppIcon76x76@2x~ipad.png ... 
2020-11-09 03:59:51 +0000  18624 bytes for ./Payload/KazemaGlobal.app/AppIcon76x76@2x~ipad.png
copying file ./Payload/KazemaGlobal.app/Poppins-BlackItalic.ttf ... 
2020-11-09 03:59:51 +0000  171544 bytes for ./Payload/KazemaGlobal.app/Poppins-BlackItalic.ttf
copying file ./Payload/KazemaGlobal.app/OFL.txt ... 
2020-11-09 03:59:51 +0000  4478 bytes for ./Payload/KazemaGlobal.app/OFL.txt
copying file ./Payload/KazemaGlobal.app/KazemaGlobal.momd/VersionInfo.plist ... 
2020-11-09 03:59:51 +0000  161 bytes for ./Payload/KazemaGlobal.app/KazemaGlobal.momd/VersionInfo.plist
copying file ./Payload/KazemaGlobal.app/KazemaGlobal.momd/KazemaGlobal.mom ... 
513 bytes for ./Payload/KazemaGlobal.app/KazemaGlobal.momd/KazemaGlobal.mom
copying file ./Payload/KazemaGlobal.app/KazemaGlobal.momd/KazemaGlobal.omo ... 
2020-11-09 03:59:51 +0000  704 bytes for ./Payload/KazemaGlobal.app/KazemaGlobal.momd/KazemaGlobal.omo
copying file ./Payload/KazemaGlobal.app/Poppins-Regular.ttf ... 
2020-11-09 03:59:51 +0000  158192 bytes for ./Payload/KazemaGlobal.app/Poppins-Regular.ttf
copying file ./Payload/KazemaGlobal.app/Poppins-LightItalic.ttf ... 
2020-11-09 03:59:51 +0000  184420 bytes for ./Payload/KazemaGlobal.app/Poppins-LightItalic.ttf
2020-11-09 03:59:51 +0000  copying file ./Payload/KazemaGlobal.app/Poppins-Bold.ttf ... 
2020-11-09 03:59:51 +0000  153900 bytes for ./Payload/KazemaGlobal.app/Poppins-Bold.ttf
copying file ./Payload/KazemaGlobal.app/Poppins-Black.ttf ... 
2020-11-09 03:59:51 +0000  151340 bytes for ./Payload/KazemaGlobal.app/Poppins-Black.ttf
copying file ./Payload/KazemaGlobal.app/embedded.mobileprovision ... 
2020-11-09 03:59:51 +0000  13342 bytes for ./Payload/KazemaGlobal.app/embedded.mobileprovision
copying file ./Payload/KazemaGlobal.app/Poppins-Thin.ttf ... 
2020-11-09 03:59:51 +0000  161600 bytes for ./Payload/KazemaGlobal.app/Poppins-Thin.ttf
copying file ./Payload/KazemaGlobal.app/Poppins-SemiBold.ttf ... 
2020-11-09 03:59:51 +0000  155192 bytes for ./Payload/KazemaGlobal.app/Poppins-SemiBold.ttf
copying file ./Payload/KazemaGlobal.app/Poppins-Italic.ttf ... 
2020-11-09 03:59:51 +0000  181972 bytes for ./Payload/KazemaGlobal.app/Poppins-Italic.ttf
copying file ./Payload/KazemaGlobal.app/Info.plist ... 
2020-11-09 03:59:51 +0000  1672 bytes for ./Payload/KazemaGlobal.app/Info.plist
copying file ./Payload/KazemaGlobal.app/PkgInfo ... 
8 bytes for ./Payload/KazemaGlobal.app/PkgInfo
copying file ./Payload/KazemaGlobal.app/Poppins-MediumItalic.ttf ... 
2020-11-09 03:59:51 +0000  180412 bytes for ./Payload/KazemaGlobal.app/Poppins-MediumItalic.ttf
2020-11-09 03:59:51 +0000  /usr/bin/ditto exited with 0
2020-11-09 03:59:51 +0000  Processing step: IDEDistributionAppStoreInformationStep
2020-11-09 03:59:51 +0000  Skipping step: IDEDistributionAppStoreInformationStep because it said so
2020-11-09 03:59:51 +0000  Processing step: IDEDistributionGenerateProcessedDistributionItems
2020-11-09 03:59:51 +0000  Processing step: IDEDistributionCreateManifestStep
